[18:19:30] PARSE_ARTICLE - industry=CLEANING SUPPLIES, industry_context=CLEANING EQUIPMENT, SOAPS AND SANITIZERS CLEANING SUPPLIES, TOILET PAPER, location=New England
Error: fromisoformat: argument must be str
Data: {
  "url": "https://sites.ext.vt.edu/newsletter-archive/comm-veg-prod-recommendations/2024-2025.pdf",
  "title": "2024/2025 Mid-Atlantic Commercial Vegetable Production ...",
  "published_date": null,
  "author": null,
  "highlights": [
    "This copy of the 2024/2025 Mid-Atlantic Commercial Vegetable Production Recommendations replaces all \nprevious editions of the Commercial Vegetable Production Recommendations published individually for \nDelaware, Maryland, New Jersey, Pennsylvania, Virginia, and West Virginia. Information presented in this \npublication is based on research results from the University of Delaware, the University of Maryland, Rutgers - The \nState University of New Jersey, The Pennsylvania State University, Virginia Polytechnic Institute and State \nUniversity, West Virginia University, Delaware State University, Cornell University, the U.S. Department of \nAgriculture, and other institutions, combined with industry and grower knowledge and experience.\n[...]\nThis publication will be revised biennially. In January 2025, a Critical Update with important updates \nfor this publication will be communicated through local Extension Agents and Vegetable Specialists.\n[...]\nand federal pesticide\n[...]\nto your situation.\n[...]\nThese recommendations were prepared and reviewed by the following individuals from\nrespective institutions with the purpose of providing up to date information for commercial\nvegetable growers in the Mid-Atlantic states of Delaware, Maryland, New Jersey, \nPennsylvania, Virginia, and West Virginia.\n[...]\nWorld Crops: Unfamiliar vegetables that are not conventional in North American markets but are culturally \nappropriate to many new immigrant populations that have settled throughout the Mid-Atlantic and Northeast\n[...]\nprovide opportunities for specialty produce farmers to cater to these ethnically diverse consumers. Major retailers \nare responding to these population shifts as well creating sales opportunities for both retail and wholesale growers.\n[...]\nOrganic sales in the U.S. continue to rise, creating an opportunity for certified organic farmers. Upfront costs can \nbe high, due mainly to certification costs, but returns can be higher than for vegetables grown using synthetic\n[...]\nfertilizers and pesticides. The United States Department of Agriculture (USDA) regulates the term \u201corganic\u201d to\n[...]\nensure uniform standards are used and protect the industry from dishonesty. To become certified organic, you must\n[...]\nfollow production and handling practices contained in\n[...]\nNational Organic Standards (NOS; see\n[...]\nhttps://www.ams.usda.gov/rules-regulations/organic) and be certified by a\n[...]\n-accredited agency such as the\n[...]\nNortheast Organic Farming Association of\n[...]\nJersey (NOFA_\n[...]\n; https://nofanj.org), Maryland Department of\n[...]\nAgriculture (https\n[...]\n_farms.\n[...]\nCertified Organic (PCO; https\n[...]\nIf annual gross income from organic products is $5,000 or less, a\n[...]\nand combination with\n[...]\ntransition phase during which\n[...]\npractices are adapted\n[...]\nusually takes a\n[...]\nSanitizing Greenhouse Surfaces and Treatment of Flats and Trays: \nThere are several different groups of sanitizers that are recommended for plant pathogen and algae control in \ntransplant greenhouses. When possible/practical, rotation between these disinfectants is recommended. Make sure \nto read and follow the label since these products have different properties:\n[...]\n\u2022 Quaternary ammonium chloride salts (Q-salts such as\n[...]\n\u00ae, Kleen\n[...]\n\u2122) are\n[...]\nfor control of\n[...]\n, and viral\n[...]\n, and algae. They\n[...]\nbe applied to\n[...]\n, walls,\n[...]\nas sanitizers.\n[...]\nHydrogen Dioxide, Hydrogen Peroxide, and Peroxyacetic Acid containing products (e.g., ZeroTol\u00ae 2.\n[...]\nOxiDate\u00ae\n[...]\n(all 3 are\n[...]\n, fungi, algae, and their\n[...]\non contact. They are\n[...]\nwith Chlorine: First wash\n[...]\nmatter will deactivate\n[...]\nactive chlorine ingredients\n[...]\nrates (3"
  ]
}
--------------------------------------------------------------------------------
[18:19:30] PARSE_ARTICLE - industry=CLEANING SUPPLIES, industry_context=CLEANING EQUIPMENT, SOAPS AND SANITIZERS CLEANING SUPPLIES, TOILET PAPER, location=New England
Error: fromisoformat: argument must be str
Data: {
  "url": "https://encoredocs.com/author/rsimpson/",
  "title": "Rebecca Simpson, Author at ENCORE Research Group",
  "published_date": null,
  "author": null,
  "highlights": [
    "Rebecca Simpson, Author at ENCORE Research Group\n[...]\nWhen a looming\n[...]\nto take a\n[...]\n\u2013 but what if you can"
  ]
}
--------------------------------------------------------------------------------
[18:19:30] PARSE_ARTICLE - industry=CLEANING SUPPLIES, industry_context=CLEANING EQUIPMENT, SOAPS AND SANITIZERS CLEANING SUPPLIES, TOILET PAPER, location=New England
Error: fromisoformat: argument must be str
Data: {
  "url": "https://www.denairusd.org/Announcements/",
  "title": "Announcements",
  "published_date": null,
  "author": null,
  "highlights": [
    "Denair Unified School District - Announcements\n\nSearch Site Submit\n\nSearch Site Submit\n\n# Denair Unified School District\n\nMobile Menu\n\n## Announcements\n\n##### Denair Unified School District\n\n3460 Lester RoadDenair, CA 95316\n\n(209) 632-9194"
  ]
}
--------------------------------------------------------------------------------
[18:19:30] PARSE_ARTICLE - industry=CLEANING SUPPLIES, industry_context=CLEANING EQUIPMENT, SOAPS AND SANITIZERS CLEANING SUPPLIES, TOILET PAPER, location=New England
Error: fromisoformat: argument must be str
Data: {
  "url": "https://reshorenow.org/search/",
  "title": "Search",
  "published_date": null,
  "author": "dgs Marketing Engineers",
  "highlights": [
    "33. news: As Trump seeks more tariffs, firms call plastics machinery imports vital- 3/16/26\n[...]\n49. news: \"Supreme Court Strikes Down Most Trump Tariffs \"- 2/20/26\n[...]\n50. news: Supreme Court decision to strike down tariffs could ease concerns in plastics industry- 2/20/26\n[...]\n96. news: GE Appliances awards $150 Million in contracts to U.S. suppliers, laundry manufacturing plant- 11/20/25\n[...]\n5: Experts Weigh in on\n[...]\n/6/25\n[...]\n127. news: Tariffs Are Painful, Reshoring Slow, Ingenuity Ascendant- 10/21/25\n[...]\n: Trump\u2019s reshoring push is\n[...]\nover itself- 10/18/25\n[...]\n137.\n[...]\n: US needs more than\n[...]\nto attract manufacturing\n[...]\nrecognized with Reshoring Award for\n[...]\n192. news: Will Reshoring Survive Trump\u2019s Shifting Tariff Policy?- 8/4/25\n[...]\n219. news: Tariffs or not, automation is still key to reshoring manufacturing- 7/8/25\n[...]\n244. news: Gov Incentives Drove A Manufacturing Reshoring Boom. How Tariffs Impact The Trend.- 6/16/25\n[...]\n245. news: How tariffs are both fueling \u2013 and cooling \u2013 the reshoring trend.- 6/16/25\n[...]\n249. news:\n[...]\nhave encouraged many companies to\n[...]\n' jobs to the\n[...]\n. Arizona ranks\n[...]\n12th- 6/13/25\n[...]\n254. news: U.S. Reshoring Initiative Report shows skills gap surpasses concern over tariffs- 6/12\n[...]\n275. news: Special Report: Host Cliff Waldman talks implications of tariffs with Harry Moser and Jeremy Leonard- 6/5/25\n[...]\n278. news: Trump\u2019s 50 Percent Tariffs on Steel, Aluminum Take Effect, Aimed at Boosting US Production- 6/4/25\n[...]\nas Onshoring\n[...]\n5-\n[...]\n/25\n[...]\n287.\n[...]\n/19/25\n[...]\n291. news: What's Next? Tariffs, reshoring and the global trade gamble- 5/12/25\n[...]\n292. news: Surviving tariff chaos by reshoring- 5/9/25\n[...]\n293. news: Trump\u2019s \u2018Manufacturing Renaissance\u2019 Is Even Harder With Tariffs- 5/9/25\n[...]\n320. news: Trump says tariffs bring back manufacturing, but Wisconsin labor shortage may stand in the way- 4/14/25\n[...]\nExtension Partnerships Face Uncertain\n[...]\nas Trump Pulls\n[...]\n/7/\n[...]\n327. news: Trump's tariffs and plastics; reshoring's future; Stork's new IMM: Machinery Minutes- 4/7/25\n[...]\n329. news: Trump says tariffs will accelerate reshoring, but experts say it\u2019s not that easy- 4/5/25\n[...]\n330. news: Trump says tariffs will accelerate reshoring, but experts say it\u2019s not that easy- 4/5/25\n[...]\n339. news: AMT opines on taxes, regulations, reshoring- 3/24/25\n[...]\n342. news: AMT Industry Chat: News From Washington: Taxes. Regulations. Reshoring.- 3/18/25\n[...]\n347. news: Tariff reactions mixed, but reshoring advocates see positive signs- 3/6/25\n[...]\n351. news: Tariffs Are Here. Should You Reshore Or Nearshore?- 2/24/25\n[...]\n377.\n[...]\nto upend FDI game?- 2/3/25\n[...]\n. news: Nationwide Res\n[...]\ning Survey Through March 15; Provide Insights to Focus U.S. Industrial Policy- 1/28/25\n[...]\n398. news: RESHORING IN FOCUS: TRUMP POLICY EFFECTS ON US HARNESS INDUSTRY- 1/21/25\n[...]\n406. event: Tariffs, Jobs, and Trump: Accelerating Reshoring- 12/13/24\n[...]\n412. news: Current trends in the reshoring of manufacturing with Harry Moser- 12/6/24\n[...]\n413. news: Trump\u2019s tariffs could put more pressure on the U.S. to produce generic drugs. Are we ready?- 12/6/24\n[...]\n415. news: Tariff Threats Set Off Supply Chain Reaction- 12/5/24\n[...]\n437. news: Harry Moser, Reshoring Initiative: \u201cYou Should Tariff Everything And All Countries Forever\u201d- 10/29/24\n[...]\n. news: Harry Moser, Reshoring Initiative: \"You\n[...]\n/24\n[...]\nInitiative Annual Report:\n[...]\n287,000 Jobs Announced-\n[...]\n/18/2\n[...]\ntrends making North American manufacturing competitive-\n[...]\n30/2\n[...]\n496. news: Reshoring Initiative 2023 Annual Report: Geopolitical risk and Industrial policy drive- 7/22/24\n[...]\n503. news\n[...]\ning Initiative 20\n[...]\n- 7\n[...]\n2/24\n[...]\n536. news:\n[...]\nreshoring\n[...]\nas China\u2019s exports to America plunge- 5/22/24\n[...]\n. Reshoring\n[...]\n- 5/12/24"
  ]
}
--------------------------------------------------------------------------------
[18:19:30] PARSE_ARTICLE - industry=CLEANING SUPPLIES, industry_context=CLEANING EQUIPMENT, SOAPS AND SANITIZERS CLEANING SUPPLIES, TOILET PAPER, location=New England
Error: fromisoformat: argument must be str
Data: {
  "url": "https://www.cityofevanston.org/Documents/Departments/Community%20Development/American%20Rescue%20Plan%20Act%20ARPA/Agendas/2021/CC%20Packet%2052421%20done.pdf?t=202602191736430",
  "title": "City Council - May 24 2021 - Agenda - Pdf",
  "published_date": null,
  "author": null,
  "highlights": [
    "1, (\n[...]\n) became law on March\n[...]\nThe ARPA provides $350 billion for state and local governments. Under these provisions and \nbased on the recent final guidelines, the Treasury Department will be allocating $43,173,654.00 \ndirectly to the City of Evanston as a metropolitan city. Funding for metropolitan cities is \ndetermined using the formula for the CDBG entitlement program. \nThe key criterion used to determine if the funding can be used for a project or item is \u201cwas this\n[...]\nThe Treasury Department released the Interim Final Rule to implement the Coronavirus State \nFiscal Recovery Fund and the Coronavirus Local Fiscal Recovery Fund established under the \nAmerican Rescue Plan Act that includes eligible uses of ARPA funding on May 11th, 2021. The \nInterim Final Rule is attached,as well as a fact sheet from the Treasury Department. Staff \nreviewed the guidelines in full to develop this memo with some of the highlights from the Interim \nFinal Rule, as well as some priorities for consideration based on allowable uses of funds. This \nmemo will proceed by outlining the eligible uses, then identifying the areas that City staff \ncurrently believes the funds should be used for. \nThere are four categories\n[...]\nwhich Coronavirus State and Local Fiscal Recovery Fund\n[...]\nTreasury Department\n[...]\nFor Water, Sewer and Broadband projects, the City must \u201cobligate\u201d the funds by 12/31/2024\n[...]\nand have projects completed\n[...]\n26.\n[...]\nout to the\n[...]\nFACT SHEET: The Coronavirus State and Local Fiscal Recovery Funds Will Deliver\n[...]\n$350 Billion for State, Local, Territorial, and Tribal Governments to Respond to the\n[...]\nCOVID-19 Emergency and Bring Back Jobs\n[...]\nMay 10, 2021\n[...]\nfoundation for a strong and equitable recovery\n[...]\nToday, the U.S. Department of the Treasury announced the launch of the Coronavirus State and Local\n[...]\nFiscal Recovery Funds, established by the American Rescue Plan Act of 2021, to provide $350 billion in\n[...]\nemergency funding for eligible state\n[...]\nThe Coronavirus State and Local Fiscal Recovery Funds provide substantial flexibility for each jurisdiction\n[...]\nto meet local needs\u2014including support\n[...]\nhouseholds, small businesses, impacted industries, essential\n[...]\nworkers, and the communities hardest-hit by the crisis. These funds\n[...]\ndeliver resources that\n[...]\nrecipients can invest in building, maintaining\n[...]\nwater, sewer, and broadband\n[...]\nsignificant economic hardship\n[...]\nstayed home,\n[...]\nshifted to remote education\n[...]\nover 20\n[...]\njobs were lost between February and April 2\n[...]\n20. Although many have\n[...]\nwork, as of\n[...]\n2021, the economy remains more than 8 million jobs below its\n[...]\n\u0002pandemic peak, and more than 3\n[...]\nthe labor market altogether since\n[...]\nto universal, high-\n[...]\n, reliable, and\n[...]\nRecognizing the\n[...]\ninvestments in\n[...]\nmade in areas that are currently un\n[...]\nthat reliably delivers minimum\n[...]\nencouraged to prioritize\n[...]\nlocal governments, and businesses of all sizes.5 As businesses weathered closures and sharp\n[...]\ndeclines in revenue, many were forced to shut down, especially small businesses.6\n[...]\n-in-a-century\n[...]\n, State, territorial, Tribal, and local governments (State,\n[...]\nand Tribal governments) have been called on to respond at\n[...]\nGovernments have faced\n[...]\nto prevent and address\n[...]\nincluding testing, contact tracing, isolation and quarantine, public communications, issuance and\n[...]\nenforcement of\n[...]\norders, expansions to\n[...]\nalternative care facilities"
  ]
}
--------------------------------------------------------------------------------
[18:19:30] PARSE_ARTICLE - industry=CLEANING SUPPLIES, industry_context=CLEANING EQUIPMENT, SOAPS AND SANITIZERS CLEANING SUPPLIES, TOILET PAPER, location=New England
Error: fromisoformat: argument must be str
Data: {
  "url": "https://en.wikipedia.org/wiki/Wikipedia:Language_learning_centre/Word_list",
  "title": "Wikipedia:Language learning centre/Word list",
  "published_date": null,
  "author": null,
  "highlights": [
    "as a reference when learning a language as it will show the equivalent words you need to learn in the other language to achieve fluency. A big list will constantly show you what words you don't know and what you need to work on and is useful for testing yourself. Eventually these words will all be translated into big lists in many different languages and using the words in phrase contexts as a resource. You can use the list to generate your own lists in whatever language you're learning and to test yourself.\n\n## A\n\n1. aardvark\n2. aardwolf\n3. aaron\n4. aback\n5. abacus\n6. abaft\n7. abalone\n8. to abandon\n9. abandoned\n10. abandonment\n11. abandons\n12. abase\n13. abased\n14. abasement\n15. abash\n16. abashed\n17. to abate\n18. abated\n19. abatement\n20. abates\n21. abattoir\n22. abattoirs\n23. abbe\n24. abbess\n25. abbey\n26. abbeys\n27. abbot\n28. abbots\n29. to abbreviate\n30. abbreviated\n31. abbreviates\n32. abbreviating\n33. abbreviation\n34. to abdicate\n35. abdicated\n36. abdicates\n37. abdicating\n38. abdication\n39. abdomen\n40. abdomens\n41. abdominal\n42. to abduct\n43. abducted\n44. abducting\n45. abduction\n46. abductions\n47. abductor\n48. abductors\n49. abducts\n50. abe\n51. abeam\n52. abel\n53. abele\n54. aberdeen\n55. aberrant\n56. aberration\n57. aberrations\n58. abet\n59. abets\n60. abetted\n61. abetting\n62. abeyance\n63. abherration\n64. to abhor\n65. abhorred\n66. abhorrence\n67. abhorrent\n68. to abide\n69. abided\n70. abides\n71. abiding\n72. abidjan\n73. abies\n74. abilities\n75. ability\n76. abject\n77. abjectly\n78. abjure\n79. abjured\n80. ablate\n81. ablates\n82. ablating\n83. ablation\n84. ablative\n85. ablaze\n86. able\n87. able-bodied\n88. ablebodied\n89. abler\n90. ablest\n91. abloom\n92. ablution\n93. ably\n94. abnegation\n95. abnormal\n96. abnormalities\n97. abnormality\n98. abnormally\n99. aboard\n100. abode\n101. abodes\n102. to abolish\n103. abolished\n104. abolishes\n105. abolishing\n106. abolition\n107. abolitionist\n108. abolitionists\n109. abomb\n110. abominable\n111. abominably\n112. abominate\n113. abominated\n114. abomination\n115. abominations\n116. abominible\n117. aboriginal\n118. Aborigine\n119. aborigines\n120. to abort\n121. aborted\n122. aborting\n123. abortion\n124. abortionist\n125. abortionists\n126. abortions\n127. abortive\n128. aborts\n129. abound\n130. abounded\n131. abounding\n132. abounds\n133. about\n134. above\n135. abraded\n136. abraham\n137. abrasion\n138. abrasions\n139. abrasive\n140. abrasively\n141. abrasiveness\n142. abrasives\n143. abreast\n144. abridge\n145. abridged\n146. abridgement\n147. abridging\n148. abroad\n149. to abrogate\n150. abrogated\n151. abrogating\n152. abrogation\n153. abrupt\n154. abruptly\n155. abruptness\n156. abscess\n157. abscissa\n158. abscissae\n159. to abscond\n160. absconded\n161. absconder\n162. absconding\n163. to abseil\n164. abseiled\n165. abseiler\n166. abseiling\n167. abseils\n168. absence\n169. absences\n170. absent\n171. absent-mindedly\n172. absented\n173. absentee\n174. absenteeism\n175. absentees\n176. absenting\n177. absently\n178. absentminded\n179. absentmindedly\n180. absentmindedness\n181. absolute\n182. absolutely\n183. absoluteness\n184. absolutes\n185. absolution\n186. absolutism\n187. absolutist\n188. absolutists\n189. to absolve\n190. absolved\n191. absolves\n192. absolving\n193. to absorb\n194. absorbed\n195. absorbency\n196. absorbent\n197. absorber\n198. absorbers\n199. absorbing\n200. absorbingly\n201. absorption\n202. absorptions\n203. absorptive\n204. absorptivity\n205. to abstain\n206. abstained\n207. abstainer\n208. abstainers\n209. abstaining\n210. abstemious\n211. abstemiously\n212. abstemiousness\n213. abstention\n214. abstentions\n215. abstinence\n216. abstinent\n217. abstract\n218. abstracted\n219. abstractedly\n220. abstracting\n221. abstraction\n222. abstractions\n223. abstractly\n224. abstracts\n225. abstruse\n226. abstrusely\n227. absurd\n228. absurder\n229. absurdest\n230. absurdist\n231. absurdities\n232. absurdity\n233. absurdly\n234. abundance\n235. abundances\n236. abundane\n237. abundant\n238. abundantly\n239. to abuse\n240. abused\n241. abuser\n242. abusers\n243. abuses\n244. abusing\n245. abusive\n246. abusively\n247."
  ]
}
--------------------------------------------------------------------------------
